<?xml version="1.0" encoding="UTF-8"?>
<!-- Generated by org.testng.reporters.JUnitReportReporter -->
<testsuite hostname="CHE7-L21428" failures="0" tests="1" name="testScript.LoginTest" time="10.240" errors="0" timestamp="2023-09-08T15:06:32 IST" skipped="0">
  <testcase classname="testScript.LoginTest" name="validLogin" time="10.240"/>
  <system-out/>
</testsuite> <!-- testScript.LoginTest -->
